# JRE version: OpenJDK Runtime Environment (17.0.2+8) (build 17.0.2+8-86)
# Java VM: OpenJDK 64-Bit Server VM (17.0.2+8-86, mixed mode, sharing, tiered, compressed oops, compressed class ptrs, g1 gc, bsd-amd64)
GC Precious Log:
 CPUs: 12 total, 12 available
 Memory: 16384M
 Large Page Support: Disabled
 NUMA Support: Disabled
 Compressed Oops: Enabled (Zero based)
 Heap Region Size: 2M
 Heap Min Capacity: 8M
 Heap Initial Capacity: 256M
 Heap Max Capacity: 4G
 Pre-touch: Disabled
 Parallel Workers: 10
 Concurrent Workers: 3
 Concurrent Refinement Workers: 10
 Periodic GC: Disabled
Heap:
 garbage-first heap   total 69632K, used 31493K [0x0000000700000000, 0x0000000800000000)
  region size 2048K, 2 young (4096K), 1 survivors (2048K)
 Metaspace       used 25691K, committed 26048K, reserved 1073152K
  class space    used 3414K, committed 3584K, reserved 1048576K
GC Heap History (12 events):
Event: 0.423 GC heap before
{Heap before GC invocations=0 (full 0):
 garbage-first heap   total 266240K, used 24532K [0x0000000700000000, 0x0000000800000000)
  region size 2048K, 11 young (22528K), 0 survivors (0K)
 Metaspace       used 5654K, committed 5888K, reserved 1056768K
  class space    used 528K, committed 640K, reserved 1048576K
}
Event: 0.426 GC heap after
{Heap after GC invocations=1 (full 0):
 garbage-first heap   total 266240K, used 5059K [0x0000000700000000, 0x0000000800000000)
  region size 2048K, 2 young (4096K), 2 survivors (4096K)
 Metaspace       used 5654K, committed 5888K, reserved 1056768K
  class space    used 528K, committed 640K, reserved 1048576K
}
Event: 1.386 GC heap before
{Heap before GC invocations=1 (full 0):
 garbage-first heap   total 266240K, used 58307K [0x0000000700000000, 0x0000000800000000)
  region size 2048K, 28 young (57344K), 2 survivors (4096K)
 Metaspace       used 16879K, committed 17216K, reserved 1064960K
  class space    used 2293K, committed 2432K, reserved 1048576K
}
Event: 1.395 GC heap after
{Heap after GC invocations=2 (full 0):
 garbage-first heap   total 266240K, used 10520K [0x0000000700000000, 0x0000000800000000)
  region size 2048K, 4 young (8192K), 4 survivors (8192K)
 Metaspace       used 16879K, committed 17216K, reserved 1064960K
  class space    used 2293K, committed 2432K, reserved 1048576K
}
Event: 1.587 GC heap before
{Heap before GC invocations=2 (full 0):
 garbage-first heap   total 266240K, used 24856K [0x0000000700000000, 0x0000000800000000)
  region size 2048K, 12 young (24576K), 4 survivors (8192K)
 Metaspace       used 21247K, committed 21504K, reserved 1073152K
  class space    used 2836K, committed 2944K, reserved 1048576K
}
Event: 1.593 GC heap after
{Heap after GC invocations=3 (full 0):
 garbage-first heap   total 266240K, used 13077K [0x0000000700000000, 0x0000000800000000)
  region size 2048K, 6 young (12288K), 6 survivors (12288K)
 Metaspace       used 21247K, committed 21504K, reserved 1073152K
  class space    used 2836K, committed 2944K, reserved 1048576K
}
Event: 11.407 GC heap before
{Heap before GC invocations=4 (full 0):
 garbage-first heap   total 69632K, used 43797K [0x0000000700000000, 0x0000000800000000)
  region size 2048K, 20 young (40960K), 6 survivors (12288K)
 Metaspace       used 23410K, committed 23744K, reserved 1073152K
  class space    used 2991K, committed 3200K, reserved 1048576K
}
Event: 11.416 GC heap after
{Heap after GC invocations=5 (full 0):
 garbage-first heap   total 69632K, used 18417K [0x0000000700000000, 0x0000000800000000)
  region size 2048K, 2 young (4096K), 2 survivors (4096K)
 Metaspace       used 23410K, committed 23744K, reserved 1073152K
  class space    used 2991K, committed 3200K, reserved 1048576K
}
Event: 13.585 GC heap before
{Heap before GC invocations=5 (full 0):
 garbage-first heap   total 69632K, used 20465K [0x0000000700000000, 0x0000000800000000)
  region size 2048K, 3 young (6144K), 2 survivors (4096K)
 Metaspace       used 23454K, committed 23808K, reserved 1073152K
  class space    used 2991K, committed 3200K, reserved 1048576K
}
Event: 13.589 GC heap after
{Heap after GC invocations=6 (full 0):
 garbage-first heap   total 69632K, used 18901K [0x0000000700000000, 0x0000000800000000)
  region size 2048K, 1 young (2048K), 1 survivors (2048K)
 Metaspace       used 23454K, committed 23808K, reserved 1073152K
  class space    used 2991K, committed 3200K, reserved 1048576K
}
Event: 19.343 GC heap before
{Heap before GC invocations=6 (full 0):
 garbage-first heap   total 69632K, used 47573K [0x0000000700000000, 0x0000000800000000)
  region size 2048K, 11 young (22528K), 1 survivors (2048K)
 Metaspace       used 25569K, committed 25920K, reserved 1073152K
  class space    used 3406K, committed 3584K, reserved 1048576K
}
Event: 19.344 GC heap after
{Heap after GC invocations=7 (full 0):
 garbage-first heap   total 69632K, used 25349K [0x0000000700000000, 0x0000000800000000)
  region size 2048K, 1 young (2048K), 1 survivors (2048K)
 Metaspace       used 25569K, committed 25920K, reserved 1073152K
  class space    used 3406K, committed 3584K, reserved 1048576K
}

